[INFO] Scanning for projects...
[INFO] 
[INFO] ---------------------------< com.exam:algo >----------------------------
[INFO] Building algo 0.0.1-SNAPSHOT
[INFO]   from pom.xml
[INFO] --------------------------------[ war ]---------------------------------
[INFO] 
[INFO] >>> spring-boot:3.5.0:run (default-cli) > test-compile @ algo >>>
[INFO] 
[INFO] --- resources:3.3.1:resources (default-resources) @ algo ---
[INFO] Copying 1 resource from src\main\resources to target\classes
[INFO] Copying 96 resources from src\main\resources to target\classes
[INFO] 
[INFO] --- compiler:3.14.0:compile (default-compile) @ algo ---
[INFO] Nothing to compile - all classes are up to date.
[INFO] 
[INFO] --- resources:3.3.1:testResources (default-testResources) @ algo ---
[INFO] skip non existing resourceDirectory c:\Users\Charles Rio\Desktop\AG_Exam_Sysetem\Examination-System\src\test\resources
[INFO] 
[INFO] --- compiler:3.14.0:testCompile (default-testCompile) @ algo ---
[INFO] Nothing to compile - all classes are up to date.
[INFO] 
[INFO] <<< spring-boot:3.5.0:run (default-cli) < test-compile @ algo <<<
[INFO] 
[INFO] 
[INFO] --- spring-boot:3.5.0:run (default-cli) @ algo ---
[INFO] Attaching agents: []

  .   ____          _            __ _ _
 /\\ / ___'_ __ _ _(_)_ __  __ _ \ \ \ \
( ( )\___ | '_ | '_| | '_ \/ _` | \ \ \ \
 \\/  ___)| |_)| | | | | || (_| |  ) ) ) )
  '  |____| .__|_| |_|_| |_\__, | / / / /
 =========|_|==============|___/=/_/_/_/

 :: Spring Boot ::                (v3.5.0)

2026-03-10T12:08:03.747+08:00  INFO 14708 --- [algo] [           main] com.exam.AlgoApplication                 : Starting AlgoApplication using Java 19.0.1 with PID 14708 (C:\Users\Charles Rio\Desktop\AG_Exam_Sysetem\Examination-System\target\classes started by Charles Rio in c:\Users\Charles Rio\Desktop\AG_Exam_Sysetem\Examination-System)
2026-03-10T12:08:03.747+08:00  INFO 14708 --- [algo] [           main] com.exam.AlgoApplication                 : No active profile set, falling back to 1 default profile: "default"
2026-03-10T12:08:04.650+08:00  INFO 14708 --- [algo] [           main] .s.d.r.c.RepositoryConfigurationDelegate : Bootstrapping Spring Data JPA repositories in DEFAULT mode.
2026-03-10T12:08:04.728+08:00  INFO 14708 --- [algo] [           main] .s.d.r.c.RepositoryConfigurationDelegate : Finished Spring Data repository scanning in 70 ms. Found 8 JPA repository interfaces.
2026-03-10T12:08:05.247+08:00  INFO 14708 --- [algo] [           main] o.s.b.w.embedded.tomcat.TomcatWebServer  : Tomcat initialized with port 8080 (http)
2026-03-10T12:08:05.259+08:00  INFO 14708 --- [algo] [           main] o.apache.catalina.core.StandardService   : Starting service [Tomcat]
2026-03-10T12:08:05.259+08:00  INFO 14708 --- [algo] [           main] o.apache.catalina.core.StandardEngine    : Starting Servlet engine: [Apache Tomcat/10.1.41]
2026-03-10T12:08:05.319+08:00  INFO 14708 --- [algo] [           main] o.a.c.c.C.[Tomcat].[localhost].[/]       : Initializing Spring embedded WebApplicationContext
2026-03-10T12:08:05.319+08:00  INFO 14708 --- [algo] [           main] w.s.c.ServletWebServerApplicationContext : Root WebApplicationContext: initialization completed in 1532 ms
2026-03-10T12:08:05.540+08:00  INFO 14708 --- [algo] [           main] o.hibernate.jpa.internal.util.LogHelper  : HHH000204: Processing PersistenceUnitInfo [name: default]
2026-03-10T12:08:05.572+08:00  INFO 14708 --- [algo] [           main] org.hibernate.Version                    : HHH000412: Hibernate ORM core version 6.6.15.Final
2026-03-10T12:08:05.607+08:00  INFO 14708 --- [algo] [           main] o.h.c.internal.RegionFactoryInitiator    : HHH000026: Second-level cache disabled
2026-03-10T12:08:05.892+08:00  INFO 14708 --- [algo] [           main] o.s.o.j.p.SpringPersistenceUnitInfo      : No LoadTimeWeaver setup: ignoring JPA class transformer
2026-03-10T12:08:05.924+08:00  INFO 14708 --- [algo] [           main] com.zaxxer.hikari.HikariDataSource       : HikariPool-1 - Starting...
2026-03-10T12:08:06.080+08:00  INFO 14708 --- [algo] [           main] com.zaxxer.hikari.pool.HikariPool        : HikariPool-1 - Added connection com.mysql.cj.jdbc.ConnectionImpl@45e69324
2026-03-10T12:08:06.080+08:00  INFO 14708 --- [algo] [           main] com.zaxxer.hikari.HikariDataSource       : HikariPool-1 - Start completed.
2026-03-10T12:08:06.101+08:00  WARN 14708 --- [algo] [           main] org.hibernate.dialect.Dialect            : HHH000511: The 5.5.5 version for [org.hibernate.dialect.MySQLDialect] is no longer supported, hence certain features may not work properly. The minimum supported version is 8.0.0. Check the community dialects project for available legacy versions.
2026-03-10T12:08:06.113+08:00  WARN 14708 --- [algo] [           main] org.hibernate.orm.deprecation            : HHH90000025: MySQLDialect does not need to be specified explicitly using 'hibernate.dialect' (remove the property setting and it will be selected by default)
2026-03-10T12:08:06.131+08:00  INFO 14708 --- [algo] [           main] org.hibernate.orm.connections.pooling    : HHH10001005: Database info:
	Database JDBC URL [Connecting through datasource 'HikariDataSource (HikariPool-1)']
	Database driver: undefined/unknown
	Database version: 5.5.5
	Autocommit mode: undefined/unknown
	Isolation level: undefined/unknown
	Minimum pool size: undefined/unknown
	Maximum pool size: undefined/unknown
2026-03-10T12:08:07.049+08:00  INFO 14708 --- [algo] [           main] o.h.e.t.j.p.i.JtaPlatformInitiator       : HHH000489: No JTA platform available (set 'hibernate.transaction.jta.platform' to enable JTA platform integration)
2026-03-10T12:08:07.150+08:00  INFO 14708 --- [algo] [           main] j.LocalContainerEntityManagerFactoryBean : Initialized JPA EntityManagerFactory for persistence unit 'default'
Hibernate: 
    select
        u1_0.id,
        u1_0.campus_name,
        u1_0.created_at,
        u1_0.department_name,
        u1_0.email,
        u1_0.enabled,
        u1_0.face_reference_created_at,
        u1_0.face_reference_descriptor_json,
        u1_0.face_reference_image_base64,
        u1_0.full_name,
        u1_0.password,
        u1_0.program_name,
        u1_0.role,
        u1_0.school_name,
        u1_0.verification_token 
    from
        users u1_0 
    where
        u1_0.email=?
2026-03-10T12:08:07.811+08:00  WARN 14708 --- [algo] [           main] JpaBaseConfiguration$JpaWebConfiguration : spring.jpa.open-in-view is enabled by default. Therefore, database queries may be performed during view rendering. Explicitly configure spring.jpa.open-in-view to disable this warning
2026-03-10T12:08:08.054+08:00  INFO 14708 --- [algo] [           main] o.s.b.a.e.web.EndpointLinksResolver      : Exposing 1 endpoint beneath base path '/actuator'
2026-03-10T12:08:08.085+08:00  INFO 14708 --- [algo] [           main] r$InitializeUserDetailsManagerConfigurer : Global AuthenticationManager configured with UserDetailsService bean with name customUserDetailsService
2026-03-10T12:08:08.410+08:00  WARN 14708 --- [algo] [           main] ConfigServletWebServerApplicationContext : Exception encountered during context initialization - cancelling refresh attempt: org.springframework.context.ApplicationContextException: Failed to start bean 'webServerStartStop'
2026-03-10T12:08:08.414+08:00  INFO 14708 --- [algo] [           main] j.LocalContainerEntityManagerFactoryBean : Closing JPA EntityManagerFactory for persistence unit 'default'
2026-03-10T12:08:08.415+08:00  INFO 14708 --- [algo] [           main] com.zaxxer.hikari.HikariDataSource       : HikariPool-1 - Shutdown initiated...
2026-03-10T12:08:08.422+08:00  INFO 14708 --- [algo] [           main] com.zaxxer.hikari.HikariDataSource       : HikariPool-1 - Shutdown completed.
2026-03-10T12:08:08.438+08:00  INFO 14708 --- [algo] [           main] .s.b.a.l.ConditionEvaluationReportLogger : 

Error starting ApplicationContext. To display the condition evaluation report re-run your application with 'debug' enabled.
2026-03-10T12:08:08.451+08:00 ERROR 14708 --- [algo] [           main] o.s.b.d.LoggingFailureAnalysisReporter   : 

***************************
APPLICATION FAILED TO START
***************************

Description:

Web server failed to start. Port 8080 was already in use.

Action:

Identify and stop the process that's listening on port 8080 or configure this application to listen on another port.

[INFO] ------------------------------------------------------------------------
[INFO] BUILD FAILURE
[INFO] ------------------------------------------------------------------------
[INFO] Total time:  7.451 s
[INFO] Finished at: 2026-03-10T12:08:08+08:00
[INFO] ------------------------------------------------------------------------
[ERROR] Failed to execute goal org.springframework.boot:spring-boot-maven-plugin:3.5.0:run (default-cli) on project algo: Process terminated with exit code: 1 -> [Help 1]
[ERROR] 
[ERROR] To see the full stack trace of the errors, re-run Maven with the -e switch.
[ERROR] Re-run Maven using the -X switch to enable full debug logging.
[ERROR] 
[ERROR] For more information about the errors and possible solutions, please read the following articles:
[ERROR] [Help 1] http://cwiki.apache.org/confluence/display/MAVEN/MojoExecutionException
